Arguments: 
  /Users/marcelo.fortunato/.nvm/versions/node/v12.15.0/bin/node /usr/local/Cellar/yarn/1.21.1/libexec/bin/yarn.js add server/src/server.ts

PATH: 
  /Users/marcelo.fortunato/.nvm/versions/node/v12.15.0/bin:/usr/local/bin:/usr/bin:/bin:/usr/sbin:/sbin:/Users/marcelo.fortunato/.zplugin/polaris/bin

Yarn version: 
  1.21.1

Node version: 
  12.15.0

Platform: 
  darwin x64

Trace: 
  Error: https://registry.yarnpkg.com/server%2fsrc/server.ts: Request "https://registry.yarnpkg.com/server%2fsrc/server.ts" returned a 405
      at Request.params.callback [as _callback] (/usr/local/Cellar/yarn/1.21.1/libexec/lib/cli.js:66956:18)
      at Request.self.callback (/usr/local/Cellar/yarn/1.21.1/libexec/lib/cli.js:140665:22)
      at Request.emit (events.js:223:5)
      at Request.<anonymous> (/usr/local/Cellar/yarn/1.21.1/libexec/lib/cli.js:141637:10)
      at Request.emit (events.js:223:5)
      at IncomingMessage.<anonymous> (/usr/local/Cellar/yarn/1.21.1/libexec/lib/cli.js:141559:12)
      at Object.onceWrapper (events.js:312:28)
      at IncomingMessage.emit (events.js:228:7)
      at endReadableNT (_stream_readable.js:1185:12)
      at processTicksAndRejections (internal/process/task_queues.js:81:21)

npm manifest: 
  No manifest

yarn manifest: 
  No manifest

Lockfile: 
  No lockfile
